<?xml version="1.0" encoding="UTF-8"?>
<!-- Generated by org.testng.reporters.JUnitReportReporter -->
<testsuite hostname="shivams-MacBook-Air.local" failures="0" tests="1" name="Test_Runner.Cucumber_test_Runner" time="18.548" errors="0" timestamp="2024-08-15T04:51:29 IST" skipped="0">
  <testcase classname="Test_Runner.Cucumber_test_Runner" name="runScenario" time="18.548"/>
</testsuite> <!-- Test_Runner.Cucumber_test_Runner -->
